  Character.cpp
D:\repos\GEC_MarioBrosClone\GEC_MarioBrosClone\Character.cpp(36,23): warning C4244: 'initializing': conversion from 'float' to 'int', possible loss of data
D:\repos\GEC_MarioBrosClone\GEC_MarioBrosClone\Character.cpp(124,83): warning C4244: 'argument': conversion from 'int' to 'float', possible loss of data
D:\repos\GEC_MarioBrosClone\GEC_MarioBrosClone\Character.cpp(124,60): warning C4244: 'argument': conversion from 'int' to 'float', possible loss of data
  CharacterLuigi.cpp
  CharacterMario.cpp
  Generating Code...
  Compiling...
  Collision.cpp
  GameScreenLevel1.cpp
D:\repos\GEC_MarioBrosClone\GEC_MarioBrosClone\PowBlock.h(11,10): warning C4067: unexpected tokens following preprocessor directive - expected a newline
  GameScreenManager.cpp
D:\repos\GEC_MarioBrosClone\GEC_MarioBrosClone\PowBlock.h(11,10): warning C4067: unexpected tokens following preprocessor directive - expected a newline
  Generating Code...
  Compiling...
  PowBlock.cpp
D:\repos\GEC_MarioBrosClone\GEC_MarioBrosClone\PowBlock.h(11,10): warning C4067: unexpected tokens following preprocessor directive - expected a newline
D:\repos\GEC_MarioBrosClone\GEC_MarioBrosClone\PowBlock.cpp(16,45): warning C4244: '=': conversion from 'int' to 'float', possible loss of data
D:\repos\GEC_MarioBrosClone\GEC_MarioBrosClone\PowBlock.cpp(17,43): warning C4244: '=': conversion from 'int' to 'float', possible loss of data
D:\repos\GEC_MarioBrosClone\GEC_MarioBrosClone\PowBlock.cpp(49,12): warning C4244: 'initializing': conversion from 'float' to 'int', possible loss of data
D:\repos\GEC_MarioBrosClone\GEC_MarioBrosClone\PowBlock.cpp(52,46): warning C4838: conversion from 'float' to 'int' requires a narrowing conversion
D:\repos\GEC_MarioBrosClone\GEC_MarioBrosClone\PowBlock.cpp(52,46): warning C4244: 'initializing': conversion from 'float' to 'int', possible loss of data
D:\repos\GEC_MarioBrosClone\GEC_MarioBrosClone\PowBlock.cpp(52,66): warning C4838: conversion from 'float' to 'int' requires a narrowing conversion
D:\repos\GEC_MarioBrosClone\GEC_MarioBrosClone\PowBlock.cpp(52,66): warning C4244: 'initializing': conversion from 'float' to 'int', possible loss of data
D:\repos\GEC_MarioBrosClone\GEC_MarioBrosClone\PowBlock.cpp(55,65): warning C4838: conversion from 'float' to 'int' requires a narrowing conversion
D:\repos\GEC_MarioBrosClone\GEC_MarioBrosClone\PowBlock.cpp(55,65): warning C4244: 'initializing': conversion from 'float' to 'int', possible loss of data
D:\repos\GEC_MarioBrosClone\GEC_MarioBrosClone\PowBlock.cpp(55,85): warning C4838: conversion from 'float' to 'int' requires a narrowing conversion
D:\repos\GEC_MarioBrosClone\GEC_MarioBrosClone\PowBlock.cpp(55,85): warning C4244: 'initializing': conversion from 'float' to 'int', possible loss of data
D:\repos\GEC_MarioBrosClone\GEC_MarioBrosClone\PowBlock.cpp(67,81): warning C4244: 'argument': conversion from 'int' to 'float', possible loss of data
  Source.cpp
D:\repos\GEC_MarioBrosClone\GEC_MarioBrosClone\PowBlock.h(11,10): warning C4067: unexpected tokens following preprocessor directive - expected a newline
  Generating Code...
  GEC_MarioBrosClone.vcxproj -> D:\repos\GEC_MarioBrosClone\Debug\GEC_MarioBrosClone.exe
