e:\repos\gec_mariobrosclone\gec_mariobrosclone\debug\vc143.pdb
e:\repos\gec_mariobrosclone\gec_mariobrosclone\debug\vc143.idb
e:\repos\gec_mariobrosclone\gec_mariobrosclone\debug\texture2d.obj
e:\repos\gec_mariobrosclone\gec_mariobrosclone\debug\source.obj
e:\repos\gec_mariobrosclone\gec_mariobrosclone\debug\gamescreenmanager.obj
e:\repos\gec_mariobrosclone\gec_mariobrosclone\debug\gamescreenlevel1.obj
e:\repos\gec_mariobrosclone\gec_mariobrosclone\debug\gamescreen.obj
e:\repos\gec_mariobrosclone\gec_mariobrosclone\debug\character.obj
e:\repos\gec_mariobrosclone\gec_mariobrosclone\debug\charactermario.obj
e:\repos\gec_mariobrosclone\gec_mariobrosclone\debug\collision.obj
e:\repos\gec_mariobrosclone\gec_mariobrosclone\debug\characterluigi.obj
e:\repos\gec_mariobrosclone\debug\gec_mariobrosclone.exe
e:\repos\gec_mariobrosclone\gec_mariobrosclone\debug\gec_mariobrosclone.ilk
e:\repos\gec_mariobrosclone\debug\gec_mariobrosclone.pdb
e:\repos\gec_mariobrosclone\gec_mariobrosclone\debug\gec_mari.94748b36.tlog\cl.command.1.tlog
e:\repos\gec_mariobrosclone\gec_mariobrosclone\debug\gec_mari.94748b36.tlog\cl.read.1.tlog
e:\repos\gec_mariobrosclone\gec_mariobrosclone\debug\gec_mari.94748b36.tlog\cl.write.1.tlog
e:\repos\gec_mariobrosclone\gec_mariobrosclone\debug\gec_mari.94748b36.tlog\link.command.1.tlog
e:\repos\gec_mariobrosclone\gec_mariobrosclone\debug\gec_mari.94748b36.tlog\link.read.1.tlog
e:\repos\gec_mariobrosclone\gec_mariobrosclone\debug\gec_mari.94748b36.tlog\link.write.1.tlog
